--- 2026-03-30 12:06:48 ---
[CRON] Running Playwright tests...
node:internal/process/promises:394
    triggerUncaughtException(err, true /* fromPromise */);
    ^

page.screenshot: Target page, context or browser has been closed
    at /home/fcia/.openclaw/workspace/monopolystreet/check-render.js:61:20

Node.js v22.22.0
[CRON] ❌ Playwright tests failed.
[CRON] Running OCR checks...
[CRON] ❌ 'Sell' button missing (OCR).
--- 2026-03-30 20:30:01 ---
[CRON] Running Playwright tests...
node:internal/process/promises:394
    triggerUncaughtException(err, true /* fromPromise */);
    ^

page.screenshot: Target page, context or browser has been closed
    at /home/fcia/.openclaw/workspace/monopolystreet/check-render.js:61:20

Node.js v22.22.0
[CRON] ❌ Playwright tests failed.
[CRON] Running OCR checks...
[CRON] ❌ 'Sell' button missing (OCR).
--- 2026-03-30 21:00:01 ---
[CRON] Running Playwright tests...
node:internal/process/promises:394
    triggerUncaughtException(err, true /* fromPromise */);
    ^

page.screenshot: Target page, context or browser has been closed
    at /home/fcia/.openclaw/workspace/monopolystreet/check-render.js:61:20

Node.js v22.22.0
[CRON] ❌ Playwright tests failed.
[CRON] Running OCR checks...
[CRON] ❌ 'Sell' button missing (OCR).
--- 2026-03-30 21:30:01 ---
[CRON] Running Playwright tests...
node:internal/process/promises:394
    triggerUncaughtException(err, true /* fromPromise */);
    ^

page.screenshot: Target page, context or browser has been closed
    at /home/fcia/.openclaw/workspace/monopolystreet/check-render.js:61:20

Node.js v22.22.0
[CRON] ❌ Playwright tests failed.
[CRON] Running OCR checks...
[CRON] ❌ 'Sell' button missing (OCR).
--- 2026-03-30 22:00:01 ---
[CRON] Running Playwright tests...
node:internal/process/promises:394
    triggerUncaughtException(err, true /* fromPromise */);
    ^

page.screenshot: Target page, context or browser has been closed
    at /home/fcia/.openclaw/workspace/monopolystreet/check-render.js:61:20

Node.js v22.22.0
[CRON] ❌ Playwright tests failed.
[CRON] Running OCR checks...
[CRON] ❌ 'Sell' button missing (OCR).
--- 2026-03-30 22:30:01 ---
[CRON] Running Playwright tests...
node:internal/process/promises:394
    triggerUncaughtException(err, true /* fromPromise */);
    ^

page.screenshot: Target page, context or browser has been closed
    at /home/fcia/.openclaw/workspace/monopolystreet/check-render.js:61:20

Node.js v22.22.0
[CRON] ❌ Playwright tests failed.
[CRON] Running OCR checks...
[CRON] ❌ 'Sell' button missing (OCR).
--- 2026-03-30 23:00:01 ---
[CRON] Running Playwright tests...
node:internal/process/promises:394
    triggerUncaughtException(err, true /* fromPromise */);
    ^

page.screenshot: Target page, context or browser has been closed
    at /home/fcia/.openclaw/workspace/monopolystreet/check-render.js:61:20

Node.js v22.22.0
[CRON] ❌ Playwright tests failed.
[CRON] Running OCR checks...
[CRON] ❌ 'Sell' button missing (OCR).
--- 2026-03-30 23:30:01 ---
[CRON] Running Playwright tests...
node:internal/process/promises:394
    triggerUncaughtException(err, true /* fromPromise */);
    ^

page.screenshot: Target page, context or browser has been closed
    at /home/fcia/.openclaw/workspace/monopolystreet/check-render.js:61:20

Node.js v22.22.0
[CRON] ❌ Playwright tests failed.
[CRON] Running OCR checks...
[CRON] ❌ 'Sell' button missing (OCR).
--- 2026-03-31 00:00:01 ---
[CRON] Running Playwright tests...
node:internal/process/promises:394
    triggerUncaughtException(err, true /* fromPromise */);
    ^

page.screenshot: Target page, context or browser has been closed
    at /home/fcia/.openclaw/workspace/monopolystreet/check-render.js:61:20

Node.js v22.22.0
[CRON] ❌ Playwright tests failed.
[CRON] Running OCR checks...
[CRON] ❌ 'Sell' button missing (OCR).
--- 2026-03-31 00:30:01 ---
[CRON] Running Playwright tests...
node:internal/process/promises:394
    triggerUncaughtException(err, true /* fromPromise */);
    ^

page.screenshot: Target page, context or browser has been closed
    at /home/fcia/.openclaw/workspace/monopolystreet/check-render.js:61:20

Node.js v22.22.0
[CRON] ❌ Playwright tests failed.
[CRON] Running OCR checks...
[CRON] ❌ 'Sell' button missing (OCR).
--- 2026-03-31 01:00:01 ---
[CRON] Running Playwright tests...
node:internal/process/promises:394
    triggerUncaughtException(err, true /* fromPromise */);
    ^

page.screenshot: Target page, context or browser has been closed
    at /home/fcia/.openclaw/workspace/monopolystreet/check-render.js:61:20

Node.js v22.22.0
[CRON] ❌ Playwright tests failed.
[CRON] Running OCR checks...
[CRON] ❌ 'Sell' button missing (OCR).
--- 2026-03-31 01:30:01 ---
[CRON] Running Playwright tests...
node:internal/process/promises:394
    triggerUncaughtException(err, true /* fromPromise */);
    ^

page.screenshot: Target page, context or browser has been closed
    at /home/fcia/.openclaw/workspace/monopolystreet/check-render.js:61:20

Node.js v22.22.0
[CRON] ❌ Playwright tests failed.
[CRON] Running OCR checks...
[CRON] ❌ 'Sell' button missing (OCR).
--- 2026-03-31 02:00:01 ---
[CRON] Running Playwright tests...
node:internal/process/promises:394
    triggerUncaughtException(err, true /* fromPromise */);
    ^

page.screenshot: Target page, context or browser has been closed
    at /home/fcia/.openclaw/workspace/monopolystreet/check-render.js:61:20

Node.js v22.22.0
[CRON] ❌ Playwright tests failed.
[CRON] Running OCR checks...
[CRON] ❌ 'Sell' button missing (OCR).
--- 2026-03-31 02:30:01 ---
[CRON] Running Playwright tests...
node:internal/process/promises:394
    triggerUncaughtException(err, true /* fromPromise */);
    ^

page.screenshot: Target page, context or browser has been closed
    at /home/fcia/.openclaw/workspace/monopolystreet/check-render.js:61:20

Node.js v22.22.0
[CRON] ❌ Playwright tests failed.
[CRON] Running OCR checks...
[CRON] ❌ 'Sell' button missing (OCR).
--- 2026-03-31 03:00:01 ---
[CRON] Running Playwright tests...
node:internal/process/promises:394
    triggerUncaughtException(err, true /* fromPromise */);
    ^

page.screenshot: Target page, context or browser has been closed
    at /home/fcia/.openclaw/workspace/monopolystreet/check-render.js:61:20

Node.js v22.22.0
[CRON] ❌ Playwright tests failed.
[CRON] Running OCR checks...
[CRON] ❌ 'Sell' button missing (OCR).
--- 2026-03-31 03:30:01 ---
[CRON] Running Playwright tests...
node:internal/process/promises:394
    triggerUncaughtException(err, true /* fromPromise */);
    ^

page.screenshot: Target page, context or browser has been closed
    at /home/fcia/.openclaw/workspace/monopolystreet/check-render.js:61:20

Node.js v22.22.0
[CRON] ❌ Playwright tests failed.
[CRON] Running OCR checks...
[CRON] ❌ 'Sell' button missing (OCR).
--- 2026-03-31 04:00:01 ---
[CRON] Running Playwright tests...
node:internal/process/promises:394
    triggerUncaughtException(err, true /* fromPromise */);
    ^

page.screenshot: Target page, context or browser has been closed
    at /home/fcia/.openclaw/workspace/monopolystreet/check-render.js:61:20

Node.js v22.22.0
[CRON] ❌ Playwright tests failed.
[CRON] Running OCR checks...
[CRON] ❌ 'Sell' button missing (OCR).
--- 2026-03-31 04:30:01 ---
[CRON] Running Playwright tests...
node:internal/process/promises:394
    triggerUncaughtException(err, true /* fromPromise */);
    ^

page.screenshot: Target page, context or browser has been closed
    at /home/fcia/.openclaw/workspace/monopolystreet/check-render.js:61:20

Node.js v22.22.0
[CRON] ❌ Playwright tests failed.
[CRON] Running OCR checks...
[CRON] ❌ 'Sell' button missing (OCR).
--- 2026-03-31 05:00:01 ---
[CRON] Running Playwright tests...
node:internal/process/promises:394
    triggerUncaughtException(err, true /* fromPromise */);
    ^

page.screenshot: Target page, context or browser has been closed
    at /home/fcia/.openclaw/workspace/monopolystreet/check-render.js:61:20

Node.js v22.22.0
[CRON] ❌ Playwright tests failed.
[CRON] Running OCR checks...
[CRON] ❌ 'Sell' button missing (OCR).
--- 2026-03-31 05:30:01 ---
[CRON] Running Playwright tests...
node:internal/process/promises:394
    triggerUncaughtException(err, true /* fromPromise */);
    ^

page.screenshot: Target page, context or browser has been closed
    at /home/fcia/.openclaw/workspace/monopolystreet/check-render.js:61:20

Node.js v22.22.0
[CRON] ❌ Playwright tests failed.
[CRON] Running OCR checks...
[CRON] ❌ 'Sell' button missing (OCR).
--- 2026-03-31 06:00:01 ---
[CRON] Running Playwright tests...
node:internal/process/promises:394
    triggerUncaughtException(err, true /* fromPromise */);
    ^

page.screenshot: Target page, context or browser has been closed
    at /home/fcia/.openclaw/workspace/monopolystreet/check-render.js:61:20

Node.js v22.22.0
[CRON] ❌ Playwright tests failed.
[CRON] Running OCR checks...
[CRON] ❌ 'Sell' button missing (OCR).
--- 2026-03-31 06:30:01 ---
[CRON] Running Playwright tests...
node:internal/process/promises:394
    triggerUncaughtException(err, true /* fromPromise */);
    ^

page.screenshot: Target page, context or browser has been closed
    at /home/fcia/.openclaw/workspace/monopolystreet/check-render.js:61:20

Node.js v22.22.0
[CRON] ❌ Playwright tests failed.
[CRON] Running OCR checks...
[CRON] ❌ 'Sell' button missing (OCR).
--- 2026-03-31 07:00:01 ---
[CRON] Running Playwright tests...
node:internal/process/promises:394
    triggerUncaughtException(err, true /* fromPromise */);
    ^

page.screenshot: Target page, context or browser has been closed
    at /home/fcia/.openclaw/workspace/monopolystreet/check-render.js:61:20

Node.js v22.22.0
[CRON] ❌ Playwright tests failed.
[CRON] Running OCR checks...
[CRON] ❌ 'Sell' button missing (OCR).
--- 2026-03-31 07:30:01 ---
[CRON] Running Playwright tests...
node:internal/process/promises:394
    triggerUncaughtException(err, true /* fromPromise */);
    ^

page.screenshot: Target page, context or browser has been closed
    at /home/fcia/.openclaw/workspace/monopolystreet/check-render.js:61:20

Node.js v22.22.0
[CRON] ❌ Playwright tests failed.
[CRON] Running OCR checks...
[CRON] ❌ 'Sell' button missing (OCR).
--- 2026-03-31 08:00:01 ---
[CRON] Running Playwright tests...
node:internal/process/promises:394
    triggerUncaughtException(err, true /* fromPromise */);
    ^

page.screenshot: Target page, context or browser has been closed
    at /home/fcia/.openclaw/workspace/monopolystreet/check-render.js:61:20

Node.js v22.22.0
[CRON] ❌ Playwright tests failed.
[CRON] Running OCR checks...
[CRON] ❌ 'Sell' button missing (OCR).
--- 2026-03-31 08:30:01 ---
[CRON] Running Playwright tests...
node:internal/process/promises:394
    triggerUncaughtException(err, true /* fromPromise */);
    ^

page.screenshot: Target page, context or browser has been closed
    at /home/fcia/.openclaw/workspace/monopolystreet/check-render.js:61:20

Node.js v22.22.0
[CRON] ❌ Playwright tests failed.
[CRON] Running OCR checks...
[CRON] ❌ 'Sell' button missing (OCR).
--- 2026-03-31 09:00:01 ---
[CRON] Running Playwright tests...
node:internal/process/promises:394
    triggerUncaughtException(err, true /* fromPromise */);
    ^

page.screenshot: Target page, context or browser has been closed
    at /home/fcia/.openclaw/workspace/monopolystreet/check-render.js:61:20

Node.js v22.22.0
[CRON] ❌ Playwright tests failed.
[CRON] Running OCR checks...
[CRON] ❌ 'Sell' button missing (OCR).
--- 2026-03-31 09:30:01 ---
[CRON] Running Playwright tests...
node:internal/process/promises:394
    triggerUncaughtException(err, true /* fromPromise */);
    ^

page.screenshot: Target page, context or browser has been closed
    at /home/fcia/.openclaw/workspace/monopolystreet/check-render.js:61:20

Node.js v22.22.0
[CRON] ❌ Playwright tests failed.
[CRON] Running OCR checks...
[CRON] ❌ 'Sell' button missing (OCR).
--- 2026-03-31 10:00:01 ---
[CRON] Running Playwright tests...
node:internal/process/promises:394
    triggerUncaughtException(err, true /* fromPromise */);
    ^

page.screenshot: Target page, context or browser has been closed
    at /home/fcia/.openclaw/workspace/monopolystreet/check-render.js:61:20

Node.js v22.22.0
[CRON] ❌ Playwright tests failed.
[CRON] Running OCR checks...
[CRON] ❌ 'Sell' button missing (OCR).
--- 2026-03-31 10:30:01 ---
[CRON] Running Playwright tests...
node:internal/process/promises:394
    triggerUncaughtException(err, true /* fromPromise */);
    ^

page.screenshot: Target page, context or browser has been closed
    at /home/fcia/.openclaw/workspace/monopolystreet/check-render.js:61:20

Node.js v22.22.0
[CRON] ❌ Playwright tests failed.
[CRON] Running OCR checks...
[CRON] ❌ 'Sell' button missing (OCR).
--- 2026-03-31 11:00:01 ---
[CRON] Running Playwright tests...
node:internal/process/promises:394
    triggerUncaughtException(err, true /* fromPromise */);
    ^

page.screenshot: Target page, context or browser has been closed
    at /home/fcia/.openclaw/workspace/monopolystreet/check-render.js:61:20

Node.js v22.22.0
[CRON] ❌ Playwright tests failed.
[CRON] Running OCR checks...
[CRON] ❌ 'Sell' button missing (OCR).
--- 2026-03-31 11:30:01 ---
[CRON] Running Playwright tests...
node:internal/process/promises:394
    triggerUncaughtException(err, true /* fromPromise */);
    ^

page.screenshot: Target page, context or browser has been closed
    at /home/fcia/.openclaw/workspace/monopolystreet/check-render.js:61:20

Node.js v22.22.0
[CRON] ❌ Playwright tests failed.
[CRON] Running OCR checks...
[CRON] ❌ 'Sell' button missing (OCR).
--- 2026-03-31 12:00:02 ---
[CRON] Running Playwright tests...
node:internal/process/promises:394
    triggerUncaughtException(err, true /* fromPromise */);
    ^

page.screenshot: Target page, context or browser has been closed
    at /home/fcia/.openclaw/workspace/monopolystreet/check-render.js:61:20

Node.js v22.22.0
[CRON] ❌ Playwright tests failed.
[CRON] Running OCR checks...
[CRON] ❌ 'Sell' button missing (OCR).
--- 2026-03-31 12:30:01 ---
[CRON] Running Playwright tests...
node:internal/process/promises:394
    triggerUncaughtException(err, true /* fromPromise */);
    ^

page.screenshot: Target page, context or browser has been closed
    at /home/fcia/.openclaw/workspace/monopolystreet/check-render.js:61:20

Node.js v22.22.0
[CRON] ❌ Playwright tests failed.
[CRON] Running OCR checks...
[CRON] ❌ 'Sell' button missing (OCR).
--- 2026-04-03 02:00:01 ---
[CRON] Running Playwright tests...
node:internal/process/promises:394
    triggerUncaughtException(err, true /* fromPromise */);
    ^

page.screenshot: Target page, context or browser has been closed
    at /home/fcia/.openclaw/workspace/monopolystreet/check-render.js:61:20

Node.js v22.22.0
[CRON] ❌ Playwright tests failed.
[CRON] Running OCR checks...
[CRON] ❌ 'Sell' button missing (OCR).
--- 2026-04-03 02:30:01 ---
[CRON] Running Playwright tests...
node:internal/process/promises:394
    triggerUncaughtException(err, true /* fromPromise */);
    ^

page.screenshot: Target page, context or browser has been closed
    at /home/fcia/.openclaw/workspace/monopolystreet/check-render.js:61:20

Node.js v22.22.0
[CRON] ❌ Playwright tests failed.
[CRON] Running OCR checks...
[CRON] ❌ 'Sell' button missing (OCR).
--- 2026-04-03 13:30:01 ---
[CRON] Running Playwright tests...
node:internal/process/promises:394
    triggerUncaughtException(err, true /* fromPromise */);
    ^

page.screenshot: Target page, context or browser has been closed
    at /home/fcia/.openclaw/workspace/monopolystreet/check-render.js:61:20

Node.js v22.22.0
[CRON] ❌ Playwright tests failed.
[CRON] Running OCR checks...
[CRON] ❌ 'Sell' button missing (OCR).
--- 2026-04-03 14:00:01 ---
[CRON] Running Playwright tests...
node:internal/process/promises:394
    triggerUncaughtException(err, true /* fromPromise */);
    ^

page.screenshot: Target page, context or browser has been closed
    at /home/fcia/.openclaw/workspace/monopolystreet/check-render.js:61:20

Node.js v22.22.0
[CRON] ❌ Playwright tests failed.
[CRON] Running OCR checks...
[CRON] ❌ 'Sell' button missing (OCR).
--- 2026-04-03 14:30:02 ---
[CRON] Running Playwright tests...
❌ Errors detected. Check debug screenshots in logs/.
[CRON] ✅ Playwright tests passed.
[CRON] Running OCR checks...
[CRON] ❌ 'Sell' button missing (OCR).
--- 2026-04-03 15:00:01 ---
[CRON] Vite not running. Restarting...
[CRON] Vite restarted successfully.
[CRON] Running Playwright tests...
✅ Basic UI workflow works!
[CRON] ✅ Playwright tests passed.
[CRON] Running OCR checks...
[CRON] ❌ 'Sell' button missing (OCR).
--- 2026-04-03 15:30:01 ---
[CRON] Running Playwright tests...
node:internal/process/promises:394
    triggerUncaughtException(err, true /* fromPromise */);
    ^

page.screenshot: Target page, context or browser has been closed
    at /home/fcia/.openclaw/workspace/monopolystreet/check-render.js:61:20

Node.js v22.22.0
[CRON] ❌ Playwright tests failed.
[CRON] Running OCR checks...
[CRON] ❌ 'Sell' button missing (OCR).
--- 2026-04-03 16:00:01 ---
[CRON] Running Playwright tests...
node:internal/process/promises:394
    triggerUncaughtException(err, true /* fromPromise */);
    ^

page.screenshot: Target page, context or browser has been closed
    at /home/fcia/.openclaw/workspace/monopolystreet/check-render.js:61:20

Node.js v22.22.0
[CRON] ❌ Playwright tests failed.
[CRON] Running OCR checks...
[CRON] ❌ 'Sell' button missing (OCR).
--- 2026-04-03 16:30:01 ---
[CRON] Running Playwright tests...
node:internal/process/promises:394
    triggerUncaughtException(err, true /* fromPromise */);
    ^

page.screenshot: Target page, context or browser has been closed
    at /home/fcia/.openclaw/workspace/monopolystreet/check-render.js:61:20

Node.js v22.22.0
[CRON] ❌ Playwright tests failed.
[CRON] Running OCR checks...
[CRON] ❌ 'Sell' button missing (OCR).
--- 2026-04-03 17:00:01 ---
[CRON] Running Playwright tests...
node:internal/process/promises:394
    triggerUncaughtException(err, true /* fromPromise */);
    ^

page.screenshot: Target page, context or browser has been closed
    at /home/fcia/.openclaw/workspace/monopolystreet/check-render.js:61:20

Node.js v22.22.0
[CRON] ❌ Playwright tests failed.
[CRON] Running OCR checks...
[CRON] ❌ 'Sell' button missing (OCR).
--- 2026-04-03 17:30:01 ---
[CRON] Running Playwright tests...
node:internal/process/promises:394
    triggerUncaughtException(err, true /* fromPromise */);
    ^

page.screenshot: Target page, context or browser has been closed
    at /home/fcia/.openclaw/workspace/monopolystreet/check-render.js:61:20

Node.js v22.22.0
[CRON] ❌ Playwright tests failed.
[CRON] Running OCR checks...
[CRON] ❌ 'Sell' button missing (OCR).
--- 2026-04-03 18:00:01 ---
[CRON] Running Playwright tests...
node:internal/process/promises:394
    triggerUncaughtException(err, true /* fromPromise */);
    ^

page.screenshot: Target page, context or browser has been closed
    at /home/fcia/.openclaw/workspace/monopolystreet/check-render.js:61:20

Node.js v22.22.0
[CRON] ❌ Playwright tests failed.
[CRON] Running OCR checks...
[CRON] ❌ 'Sell' button missing (OCR).
--- 2026-04-03 18:30:01 ---
[CRON] Running Playwright tests...
node:internal/process/promises:394
    triggerUncaughtException(err, true /* fromPromise */);
    ^

page.screenshot: Target page, context or browser has been closed
    at /home/fcia/.openclaw/workspace/monopolystreet/check-render.js:61:20

Node.js v22.22.0
[CRON] ❌ Playwright tests failed.
[CRON] Running OCR checks...
[CRON] ❌ 'Sell' button missing (OCR).
--- 2026-04-03 19:00:01 ---
[CRON] Running Playwright tests...
node:internal/process/promises:394
    triggerUncaughtException(err, true /* fromPromise */);
    ^

page.screenshot: Target page, context or browser has been closed
    at /home/fcia/.openclaw/workspace/monopolystreet/check-render.js:61:20

Node.js v22.22.0
[CRON] ❌ Playwright tests failed.
[CRON] Running OCR checks...
[CRON] ❌ 'Sell' button missing (OCR).
--- 2026-04-03 19:30:01 ---
[CRON] Running Playwright tests...
node:internal/process/promises:394
    triggerUncaughtException(err, true /* fromPromise */);
    ^

page.screenshot: Target page, context or browser has been closed
    at /home/fcia/.openclaw/workspace/monopolystreet/check-render.js:61:20

Node.js v22.22.0
[CRON] ❌ Playwright tests failed.
[CRON] Running OCR checks...
[CRON] ❌ 'Sell' button missing (OCR).
--- 2026-04-03 20:00:01 ---
[CRON] Running Playwright tests...
node:internal/process/promises:394
    triggerUncaughtException(err, true /* fromPromise */);
    ^

page.screenshot: Target page, context or browser has been closed
    at /home/fcia/.openclaw/workspace/monopolystreet/check-render.js:61:20

Node.js v22.22.0
[CRON] ❌ Playwright tests failed.
[CRON] Running OCR checks...
[CRON] ❌ 'Sell' button missing (OCR).
--- 2026-04-03 20:30:01 ---
[CRON] Running Playwright tests...
node:internal/process/promises:394
    triggerUncaughtException(err, true /* fromPromise */);
    ^

page.screenshot: Target page, context or browser has been closed
    at /home/fcia/.openclaw/workspace/monopolystreet/check-render.js:61:20

Node.js v22.22.0
[CRON] ❌ Playwright tests failed.
[CRON] Running OCR checks...
[CRON] ❌ 'Sell' button missing (OCR).
--- 2026-04-03 21:00:01 ---
[CRON] Running Playwright tests...
node:internal/process/promises:394
    triggerUncaughtException(err, true /* fromPromise */);
    ^

page.screenshot: Target page, context or browser has been closed
    at /home/fcia/.openclaw/workspace/monopolystreet/check-render.js:61:20

Node.js v22.22.0
[CRON] ❌ Playwright tests failed.
[CRON] Running OCR checks...
[CRON] ❌ 'Sell' button missing (OCR).
--- 2026-04-03 21:30:01 ---
[CRON] Running Playwright tests...
node:internal/process/promises:394
    triggerUncaughtException(err, true /* fromPromise */);
    ^

page.screenshot: Target page, context or browser has been closed
    at /home/fcia/.openclaw/workspace/monopolystreet/check-render.js:61:20

Node.js v22.22.0
[CRON] ❌ Playwright tests failed.
[CRON] Running OCR checks...
[CRON] ❌ 'Sell' button missing (OCR).
--- 2026-04-05 03:00:01 ---
[CRON] Running Playwright tests...
node:internal/process/promises:394
    triggerUncaughtException(err, true /* fromPromise */);
    ^

page.screenshot: Target page, context or browser has been closed
    at /home/fcia/.openclaw/workspace/monopolystreet/check-render.js:61:20

Node.js v22.22.0
[CRON] ❌ Playwright tests failed.
[CRON] Running OCR checks...
[CRON] ❌ 'Sell' button missing (OCR).
--- 2026-04-05 03:30:01 ---
[CRON] Running Playwright tests...
node:internal/process/promises:394
    triggerUncaughtException(err, true /* fromPromise */);
    ^

page.screenshot: Target page, context or browser has been closed
    at /home/fcia/.openclaw/workspace/monopolystreet/check-render.js:61:20

Node.js v22.22.0
[CRON] ❌ Playwright tests failed.
[CRON] Running OCR checks...
[CRON] ❌ 'Sell' button missing (OCR).
--- 2026-04-05 04:00:01 ---
[CRON] Running Playwright tests...
node:internal/process/promises:394
    triggerUncaughtException(err, true /* fromPromise */);
    ^

page.screenshot: Target page, context or browser has been closed
    at /home/fcia/.openclaw/workspace/monopolystreet/check-render.js:61:20

Node.js v22.22.0
[CRON] ❌ Playwright tests failed.
[CRON] Running OCR checks...
[CRON] ❌ 'Sell' button missing (OCR).
--- 2026-04-05 04:30:01 ---
[CRON] Running Playwright tests...
node:internal/process/promises:394
    triggerUncaughtException(err, true /* fromPromise */);
    ^

page.screenshot: Target page, context or browser has been closed
    at /home/fcia/.openclaw/workspace/monopolystreet/check-render.js:61:20

Node.js v22.22.0
[CRON] ❌ Playwright tests failed.
[CRON] Running OCR checks...
[CRON] ❌ 'Sell' button missing (OCR).
--- 2026-04-05 14:00:01 ---
[CRON] Running Playwright tests...
node:internal/process/promises:394
    triggerUncaughtException(err, true /* fromPromise */);
    ^

page.screenshot: Target page, context or browser has been closed
    at /home/fcia/.openclaw/workspace/monopolystreet/check-render.js:61:20

Node.js v22.22.0
[CRON] ❌ Playwright tests failed.
[CRON] Running OCR checks...
[CRON] ❌ 'Sell' button missing (OCR).
--- 2026-04-05 14:30:02 ---
[CRON] Running Playwright tests...
node:internal/process/promises:394
    triggerUncaughtException(err, true /* fromPromise */);
    ^

page.screenshot: Target page, context or browser has been closed
    at /home/fcia/.openclaw/workspace/monopolystreet/check-render.js:61:20

Node.js v22.22.0
[CRON] ❌ Playwright tests failed.
[CRON] Running OCR checks...
[CRON] ❌ 'Sell' button missing (OCR).
--- 2026-04-05 15:00:01 ---
[CRON] Running Playwright tests...
node:internal/process/promises:394
    triggerUncaughtException(err, true /* fromPromise */);
    ^

page.screenshot: Target page, context or browser has been closed
    at /home/fcia/.openclaw/workspace/monopolystreet/check-render.js:61:20

Node.js v22.22.0
[CRON] ❌ Playwright tests failed.
[CRON] Running OCR checks...
[CRON] ❌ 'Sell' button missing (OCR).
--- 2026-04-05 15:30:01 ---
[CRON] Running Playwright tests...
node:internal/process/promises:394
    triggerUncaughtException(err, true /* fromPromise */);
    ^

page.screenshot: Target page, context or browser has been closed
    at /home/fcia/.openclaw/workspace/monopolystreet/check-render.js:61:20

Node.js v22.22.0
[CRON] ❌ Playwright tests failed.
[CRON] Running OCR checks...
[CRON] ❌ 'Sell' button missing (OCR).
--- 2026-04-05 16:00:01 ---
[CRON] Running Playwright tests...
node:internal/process/promises:394
    triggerUncaughtException(err, true /* fromPromise */);
    ^

page.screenshot: Target page, context or browser has been closed
    at /home/fcia/.openclaw/workspace/monopolystreet/check-render.js:61:20

Node.js v22.22.0
[CRON] ❌ Playwright tests failed.
[CRON] Running OCR checks...
[CRON] ❌ 'Sell' button missing (OCR).
--- 2026-04-05 16:30:01 ---
[CRON] Running Playwright tests...
node:internal/process/promises:394
    triggerUncaughtException(err, true /* fromPromise */);
    ^

page.screenshot: Target page, context or browser has been closed
    at /home/fcia/.openclaw/workspace/monopolystreet/check-render.js:61:20

Node.js v22.22.0
[CRON] ❌ Playwright tests failed.
[CRON] Running OCR checks...
[CRON] ❌ 'Sell' button missing (OCR).
--- 2026-04-05 17:00:01 ---
[CRON] Running Playwright tests...
node:internal/process/promises:394
    triggerUncaughtException(err, true /* fromPromise */);
    ^

page.screenshot: Target page, context or browser has been closed
    at /home/fcia/.openclaw/workspace/monopolystreet/check-render.js:61:20

Node.js v22.22.0
[CRON] ❌ Playwright tests failed.
[CRON] Running OCR checks...
[CRON] ❌ 'Sell' button missing (OCR).
--- 2026-04-05 19:30:01 ---
[CRON] Vite not running. Restarting...
[CRON] Vite restarted successfully.
[CRON] Running Playwright tests...
node:internal/process/promises:394
    triggerUncaughtException(err, true /* fromPromise */);
    ^

page.screenshot: Target page, context or browser has been closed
    at /home/fcia/.openclaw/workspace/monopolystreet/check-render.js:61:20

Node.js v22.22.0
[CRON] ❌ Playwright tests failed.
[CRON] Running OCR checks...
[CRON] ❌ 'Sell' button missing (OCR).
--- 2026-04-05 20:00:01 ---
[CRON] Running Playwright tests...
node:internal/process/promises:394
    triggerUncaughtException(err, true /* fromPromise */);
    ^

page.screenshot: Target page, context or browser has been closed
    at /home/fcia/.openclaw/workspace/monopolystreet/check-render.js:61:20

Node.js v22.22.0
[CRON] ❌ Playwright tests failed.
[CRON] Running OCR checks...
[CRON] ❌ 'Sell' button missing (OCR).
--- 2026-04-05 20:30:01 ---
[CRON] Running Playwright tests...
node:internal/process/promises:394
    triggerUncaughtException(err, true /* fromPromise */);
    ^

page.screenshot: Target page, context or browser has been closed
    at /home/fcia/.openclaw/workspace/monopolystreet/check-render.js:61:20

Node.js v22.22.0
[CRON] ❌ Playwright tests failed.
[CRON] Running OCR checks...
[CRON] ❌ 'Sell' button missing (OCR).
--- 2026-04-05 21:00:01 ---
[CRON] Running Playwright tests...
node:internal/process/promises:394
    triggerUncaughtException(err, true /* fromPromise */);
    ^

page.screenshot: Target page, context or browser has been closed
    at /home/fcia/.openclaw/workspace/monopolystreet/check-render.js:61:20

Node.js v22.22.0
[CRON] ❌ Playwright tests failed.
[CRON] Running OCR checks...
[CRON] ❌ 'Sell' button missing (OCR).
--- 2026-04-05 21:30:01 ---
[CRON] Running Playwright tests...
node:internal/process/promises:394
    triggerUncaughtException(err, true /* fromPromise */);
    ^

page.screenshot: Target page, context or browser has been closed
    at /home/fcia/.openclaw/workspace/monopolystreet/check-render.js:61:20

Node.js v22.22.0
[CRON] ❌ Playwright tests failed.
[CRON] Running OCR checks...
[CRON] ❌ 'Sell' button missing (OCR).
--- 2026-04-05 22:00:01 ---
[CRON] Running Playwright tests...
node:internal/process/promises:394
    triggerUncaughtException(err, true /* fromPromise */);
    ^

page.screenshot: Target page, context or browser has been closed
    at /home/fcia/.openclaw/workspace/monopolystreet/check-render.js:61:20

Node.js v22.22.0
[CRON] ❌ Playwright tests failed.
[CRON] Running OCR checks...
[CRON] ❌ 'Sell' button missing (OCR).
--- 2026-04-05 22:30:02 ---
[CRON] Running smoke test...
✅ Smoke test passed.
[CRON] ✅ Smoke test passed.
--- 2026-04-05 23:00:01 ---
[CRON] Running smoke test...
✅ Smoke test passed.
[CRON] ✅ Smoke test passed.
--- 2026-04-05 23:30:01 ---
[CRON] Running smoke test...
❌ Smoke test failed. Check logs/render-errors.log and logs/screenshot.png
[CRON] ❌ Smoke test failed.
--- 2026-04-06 00:00:01 ---
[CRON] Running smoke test...
❌ Smoke test failed. Check logs/render-errors.log and logs/screenshot.png
[CRON] ❌ Smoke test failed.
--- 2026-04-06 00:30:01 ---
[CRON] Running smoke test...
❌ Smoke test failed. Check logs/render-errors.log and logs/screenshot.png
[CRON] ❌ Smoke test failed.
--- 2026-04-06 01:00:01 ---
[CRON] Running smoke test...
❌ Smoke test failed. Check logs/render-errors.log and logs/screenshot.png
[CRON] ❌ Smoke test failed.
--- 2026-04-06 01:30:01 ---
[CRON] Running smoke test...
❌ Smoke test failed. Check logs/render-errors.log and logs/screenshot.png
[CRON] ❌ Smoke test failed.
--- 2026-04-06 02:00:01 ---
[CRON] Running smoke test...
❌ Smoke test failed. Check logs/render-errors.log and logs/screenshot.png
[CRON] ❌ Smoke test failed.
--- 2026-04-06 02:30:01 ---
[CRON] Running smoke test...
❌ Smoke test failed. Check logs/render-errors.log and logs/screenshot.png
[CRON] ❌ Smoke test failed.
--- 2026-04-06 03:00:01 ---
[CRON] Running smoke test...
❌ Smoke test failed. Check logs/render-errors.log and logs/screenshot.png
[CRON] ❌ Smoke test failed.
